[debug] [2022-12-02T20:03:28.387Z] ----------------------------------------------------------------------
[debug] [2022-12-02T20:03:28.390Z] Command:       C:\Users\Even\AppData\Local\Volta\tools\image\node\16.18.0\node.exe C:\Users\Even\AppData\Local\Volta\tools\image\packages\firebase-tools\node_modules\firebase-tools\lib\bin\firebase.js deploy --only functions
[debug] [2022-12-02T20:03:28.391Z] CLI Version:   11.16.1
[debug] [2022-12-02T20:03:28.391Z] Platform:      win32
[debug] [2022-12-02T20:03:28.391Z] Node Version:  v16.18.0
[debug] [2022-12-02T20:03:28.392Z] Time:          Fri Dec 02 2022 21:03:28 GMT+0100 (hora estándar de Europa central)
[debug] [2022-12-02T20:03:28.392Z] ----------------------------------------------------------------------
[debug] 
[debug] [2022-12-02T20:03:28.467Z] > command requires scopes: ["email","openid","https://www.googleapis.com/auth/cloudplatformprojects.readonly","https://www.googleapis.com/auth/firebase","https://www.googleapis.com/auth/cloud-platform"]
[debug] [2022-12-02T20:03:28.468Z] > authorizing via signed-in user (pedro.nieto.sanchez@gmail.com)
[debug] [2022-12-02T20:03:28.468Z] [iam] checking project eliminarlo2 for permissions ["cloudfunctions.functions.create","cloudfunctions.functions.delete","cloudfunctions.functions.get","cloudfunctions.functions.list","cloudfunctions.functions.update","cloudfunctions.operations.get","firebase.projects.get"]
[debug] [2022-12-02T20:03:28.472Z] >>> [apiv2][query] POST https://cloudresourcemanager.googleapis.com/v1/projects/eliminarlo2:testIamPermissions [none]
[debug] [2022-12-02T20:03:28.472Z] >>> [apiv2][(partial)header] POST https://cloudresourcemanager.googleapis.com/v1/projects/eliminarlo2:testIamPermissions x-goog-quota-user=projects/eliminarlo2
[debug] [2022-12-02T20:03:28.473Z] >>> [apiv2][body] POST https://cloudresourcemanager.googleapis.com/v1/projects/eliminarlo2:testIamPermissions {"permissions":["cloudfunctions.functions.create","cloudfunctions.functions.delete","cloudfunctions.functions.get","cloudfunctions.functions.list","cloudfunctions.functions.update","cloudfunctions.operations.get","firebase.projects.get"]}
[debug] [2022-12-02T20:03:29.368Z] <<< [apiv2][status] POST https://cloudresourcemanager.googleapis.com/v1/projects/eliminarlo2:testIamPermissions 200
[debug] [2022-12-02T20:03:29.368Z] <<< [apiv2][body] POST https://cloudresourcemanager.googleapis.com/v1/projects/eliminarlo2:testIamPermissions {"permissions":["cloudfunctions.functions.create","cloudfunctions.functions.delete","cloudfunctions.functions.get","cloudfunctions.functions.list","cloudfunctions.functions.update","cloudfunctions.operations.get","firebase.projects.get"]}
[debug] [2022-12-02T20:03:29.369Z] >>> [apiv2][query] POST https://iam.googleapis.com/v1/projects/eliminarlo2/serviceAccounts/eliminarlo2@appspot.gserviceaccount.com:testIamPermissions [none]
[debug] [2022-12-02T20:03:29.369Z] >>> [apiv2][body] POST https://iam.googleapis.com/v1/projects/eliminarlo2/serviceAccounts/eliminarlo2@appspot.gserviceaccount.com:testIamPermissions {"permissions":["iam.serviceAccounts.actAs"]}
[debug] [2022-12-02T20:03:30.273Z] <<< [apiv2][status] POST https://iam.googleapis.com/v1/projects/eliminarlo2/serviceAccounts/eliminarlo2@appspot.gserviceaccount.com:testIamPermissions 200
[debug] [2022-12-02T20:03:30.273Z] <<< [apiv2][body] POST https://iam.googleapis.com/v1/projects/eliminarlo2/serviceAccounts/eliminarlo2@appspot.gserviceaccount.com:testIamPermissions {"permissions":["iam.serviceAccounts.actAs"]}
[info] 
[info] === Deploying to 'eliminarlo2'...
[info] 
[info] i  deploying functions 
[info] +  functions: Finished running predeploy script. 
[debug] [2022-12-02T20:03:30.283Z] >>> [apiv2][query] GET https://firebase.googleapis.com/v1beta1/projects/eliminarlo2 [none]
[debug] [2022-12-02T20:03:30.788Z] <<< [apiv2][status] GET https://firebase.googleapis.com/v1beta1/projects/eliminarlo2 200
[debug] [2022-12-02T20:03:30.788Z] <<< [apiv2][body] GET https://firebase.googleapis.com/v1beta1/projects/eliminarlo2 {"projectId":"eliminarlo2","projectNumber":"347973977710","displayName":"eliminarlo2","name":"projects/eliminarlo2","resources":{"hostingSite":"eliminarlo2","storageBucket":"eliminarlo2.appspot.com","locationId":"europe-west"},"state":"ACTIVE","etag":"1_f08b6201-849a-4d03-8293-66d0a3eef29f"}
[info] i  functions: ensuring required API cloudfunctions.googleapis.com is enabled... 
[info] i  functions: ensuring required API cloudbuild.googleapis.com is enabled... 
[info] i  artifactregistry: ensuring required API artifactregistry.googleapis.com is enabled... 
[debug] [2022-12-02T20:03:30.792Z] >>> [apiv2][query] GET https://serviceusage.googleapis.com/v1/projects/eliminarlo2/services/cloudfunctions.googleapis.com [none]
[debug] [2022-12-02T20:03:30.792Z] >>> [apiv2][(partial)header] GET https://serviceusage.googleapis.com/v1/projects/eliminarlo2/services/cloudfunctions.googleapis.com x-goog-quota-user=projects/eliminarlo2
[debug] [2022-12-02T20:03:30.793Z] >>> [apiv2][query] GET https://serviceusage.googleapis.com/v1/projects/eliminarlo2/services/runtimeconfig.googleapis.com [none]
[debug] [2022-12-02T20:03:30.794Z] >>> [apiv2][(partial)header] GET https://serviceusage.googleapis.com/v1/projects/eliminarlo2/services/runtimeconfig.googleapis.com x-goog-quota-user=projects/eliminarlo2
[debug] [2022-12-02T20:03:30.795Z] >>> [apiv2][query] GET https://serviceusage.googleapis.com/v1/projects/eliminarlo2/services/cloudbuild.googleapis.com [none]
[debug] [2022-12-02T20:03:30.795Z] >>> [apiv2][(partial)header] GET https://serviceusage.googleapis.com/v1/projects/eliminarlo2/services/cloudbuild.googleapis.com x-goog-quota-user=projects/eliminarlo2
[debug] [2022-12-02T20:03:30.796Z] >>> [apiv2][query] GET https://serviceusage.googleapis.com/v1/projects/eliminarlo2/services/artifactregistry.googleapis.com [none]
[debug] [2022-12-02T20:03:30.796Z] >>> [apiv2][(partial)header] GET https://serviceusage.googleapis.com/v1/projects/eliminarlo2/services/artifactregistry.googleapis.com x-goog-quota-user=projects/eliminarlo2
[debug] [2022-12-02T20:03:32.511Z] <<< [apiv2][status] GET https://serviceusage.googleapis.com/v1/projects/eliminarlo2/services/artifactregistry.googleapis.com 200
[debug] [2022-12-02T20:03:32.511Z] <<< [apiv2][body] GET https://serviceusage.googleapis.com/v1/projects/eliminarlo2/services/artifactregistry.googleapis.com [omitted]
[info] +  artifactregistry: required API artifactregistry.googleapis.com is enabled 
[debug] [2022-12-02T20:03:32.515Z] <<< [apiv2][status] GET https://serviceusage.googleapis.com/v1/projects/eliminarlo2/services/cloudbuild.googleapis.com 200
[debug] [2022-12-02T20:03:32.515Z] <<< [apiv2][body] GET https://serviceusage.googleapis.com/v1/projects/eliminarlo2/services/cloudbuild.googleapis.com [omitted]
[info] +  functions: required API cloudbuild.googleapis.com is enabled 
[debug] [2022-12-02T20:03:32.520Z] <<< [apiv2][status] GET https://serviceusage.googleapis.com/v1/projects/eliminarlo2/services/cloudfunctions.googleapis.com 200
[debug] [2022-12-02T20:03:32.520Z] <<< [apiv2][body] GET https://serviceusage.googleapis.com/v1/projects/eliminarlo2/services/cloudfunctions.googleapis.com [omitted]
[info] +  functions: required API cloudfunctions.googleapis.com is enabled 
[debug] [2022-12-02T20:03:32.523Z] <<< [apiv2][status] GET https://serviceusage.googleapis.com/v1/projects/eliminarlo2/services/runtimeconfig.googleapis.com 200
[debug] [2022-12-02T20:03:32.523Z] <<< [apiv2][body] GET https://serviceusage.googleapis.com/v1/projects/eliminarlo2/services/runtimeconfig.googleapis.com [omitted]
[debug] [2022-12-02T20:03:32.523Z] >>> [apiv2][query] GET https://firebase.googleapis.com/v1beta1/projects/eliminarlo2/adminSdkConfig [none]
[debug] [2022-12-02T20:03:32.922Z] <<< [apiv2][status] GET https://firebase.googleapis.com/v1beta1/projects/eliminarlo2/adminSdkConfig 200
[debug] [2022-12-02T20:03:32.923Z] <<< [apiv2][body] GET https://firebase.googleapis.com/v1beta1/projects/eliminarlo2/adminSdkConfig {"projectId":"eliminarlo2","storageBucket":"eliminarlo2.appspot.com","locationId":"europe-west"}
[debug] [2022-12-02T20:03:32.923Z] >>> [apiv2][query] GET https://runtimeconfig.googleapis.com/v1beta1/projects/eliminarlo2/configs [none]
[debug] [2022-12-02T20:03:33.425Z] <<< [apiv2][status] GET https://runtimeconfig.googleapis.com/v1beta1/projects/eliminarlo2/configs 200
[debug] [2022-12-02T20:03:33.426Z] <<< [apiv2][body] GET https://runtimeconfig.googleapis.com/v1beta1/projects/eliminarlo2/configs {}
[info] i  functions: preparing codebase default for deployment 
[debug] [2022-12-02T20:03:33.431Z] Validating nodejs source
[warn] !  functions: package.json indicates an outdated version of firebase-functions. Please upgrade using npm install --save firebase-functions@latest in your functions directory. 
[warn] !  functions: Please note that there will be breaking changes when you upgrade. 
[debug] [2022-12-02T20:03:36.569Z] > [functions] package.json contents: {
  "name": "functions",
  "description": "Cloud Functions for Firebase",
  "scripts": {
    "serve": "firebase emulators:start --only functions",
    "shell": "firebase functions:shell",
    "start": "nodemon api.js",
    "deploy": "firebase deploy --only functions",
    "logs": "firebase functions:log"
  },
  "engines": {
    "node": "16"
  },
  "main": "index.js",
  "dependencies": {
    "axios": "^1.2.0",
    "cors": "^2.8.5",
    "express": "^4.18.2",
    "firebase-admin": "^10.0.2",
    "firebase-functions": "^3.18.0",
    "nodemon": "^2.0.20"
  },
  "devDependencies": {
    "firebase-functions-test": "^0.2.0"
  },
  "private": true
}
[debug] [2022-12-02T20:03:36.570Z] Building nodejs source
[debug] [2022-12-02T20:03:36.571Z] Could not find functions.yaml. Must use http discovery
[debug] [2022-12-02T20:03:36.881Z] Serving at port 9005

[debug] [2022-12-02T20:03:37.278Z] Got response from /__/functions.yaml {"endpoints":{"helloWorld":{"platform":"gcfv1","httpsTrigger":{},"entryPoint":"helloWorld"},"api":{"platform":"gcfv1","httpsTrigger":{},"entryPoint":"api"}},"specVersion":"v1alpha1","requiredAPIs":[]}
[debug] [2022-12-02T20:03:37.290Z] shutdown requested via /__/quitquitquit

[info] i  functions: preparing functions directory for uploading... 
[info] i  functions: packaged C:\Users\Even\Desktop\lowcode-nocode\functions (67.45 KB) for uploading 
[debug] [2022-12-02T20:03:37.365Z] >>> [apiv2][query] GET https://cloudfunctions.googleapis.com/v1/projects/eliminarlo2/locations/-/functions [none]
[debug] [2022-12-02T20:03:38.293Z] <<< [apiv2][status] GET https://cloudfunctions.googleapis.com/v1/projects/eliminarlo2/locations/-/functions 200
[debug] [2022-12-02T20:03:38.293Z] <<< [apiv2][body] GET https://cloudfunctions.googleapis.com/v1/projects/eliminarlo2/locations/-/functions {"functions":[{"name":"projects/eliminarlo2/locations/us-central1/functions/api","httpsTrigger":{"url":"https://us-central1-eliminarlo2.cloudfunctions.net/api","securityLevel":"SECURE_ALWAYS"},"status":"ACTIVE","entryPoint":"api","timeout":"60s","availableMemoryMb":256,"serviceAccountEmail":"eliminarlo2@appspot.gserviceaccount.com","updateTime":"2022-12-02T19:44:41.687Z","versionId":"3","labels":{"deployment-tool":"cli-firebase","firebase-functions-hash":"0d73f9abbc3b961f3a02883802725a355c022352"},"sourceUploadUrl":"https://storage.googleapis.com/uploads-603783389583.us-central1.cloudfunctions.appspot.com/51b7dba2-96b9-4e21-a9b9-cbe879c46672.zip","environmentVariables":{"FIREBASE_CONFIG":"{\"projectId\":\"eliminarlo2\",\"storageBucket\":\"eliminarlo2.appspot.com\",\"locationId\":\"europe-west\"}","GCLOUD_PROJECT":"eliminarlo2","EVENTARC_CLOUD_EVENT_SOURCE":"projects/eliminarlo2/locations/us-central1/functions/api"},"runtime":"nodejs16","ingressSettings":"ALLOW_ALL","buildId":"bac9a07d-f0c8-4546-9f85-104b175c7600","buildName":"projects/347973977710/locations/us-central1/builds/bac9a07d-f0c8-4546-9f85-104b175c7600","dockerRegistry":"ARTIFACT_REGISTRY"},{"name":"projects/eliminarlo2/locations/us-central1/functions/helloWorld","httpsTrigger":{"url":"https://us-central1-eliminarlo2.cloudfunctions.net/helloWorld","securityLevel":"SECURE_ALWAYS"},"status":"ACTIVE","entryPoint":"helloWorld","timeout":"60s","availableMemoryMb":256,"serviceAccountEmail":"eliminarlo2@appspot.gserviceaccount.com","updateTime":"2022-12-02T19:44:28.963Z","versionId":"6","labels":{"deployment-tool":"cli-firebase","firebase-functions-hash":"0d73f9abbc3b961f3a02883802725a355c022352"},"sourceUploadUrl":"https://storage.googleapis.com/uploads-603783389583.us-central1.cloudfunctions.appspot.com/51b7dba2-96b9-4e21-a9b9-cbe879c46672.zip","environmentVariables":{"FIREBASE_CONFIG":"{\"projectId\":\"eliminarlo2\",\"storageBucket\":\"eliminarlo2.appspot.com\",\"locationId\":\"europe-west\"}","GCLOUD_PROJECT":"eliminarlo2","EVENTARC_CLOUD_EVENT_SOURCE":"projects/eliminarlo2/locations/us-central1/functions/api"},"runtime":"nodejs16","ingressSettings":"ALLOW_ALL","buildId":"bac9a07d-f0c8-4546-9f85-104b175c7600","buildName":"projects/347973977710/locations/us-central1/builds/bac9a07d-f0c8-4546-9f85-104b175c7600","dockerRegistry":"ARTIFACT_REGISTRY"}]}
[debug] [2022-12-02T20:03:38.294Z] >>> [apiv2][query] GET https://cloudfunctions.googleapis.com/v2/projects/eliminarlo2/locations/-/functions filter=environment%3D%22GEN_2%22
